<?xml version="1.0" encoding="UTF-8"?>
<!-- Generated by org.testng.reporters.JUnitXMLReporter -->
<testsuite ignored="0" hostname="PriyaPapa" failures="1" tests="1" name="ChromeTest" time="1.125" errors="0" timestamp="2023-07-15T18:21:39 IST">
  <testcase classname="com.orangehrm.testscripts.LoginPageTest2" name="@AfterClass teardown" time="0.0">
    <failure type="java.lang.NullPointerException" message="Cannot invoke &amp;quot;org.openqa.selenium.WebDriver.close()&amp;quot; because &amp;quot;com.orangehrm.utils.Browser.driver&amp;quot; is null">
      <![CDATA[java.lang.NullPointerException: Cannot invoke "org.openqa.selenium.WebDriver.close()" because "com.orangehrm.utils.Browser.driver" is null
at com.orangehrm.utils.Browser.closeBrowser(Browser.java:61)
at com.orangehrm.testscripts.LoginPageTest2.teardown(LoginPageTest2.java:41)
at java.base/java.util.ArrayList.forEach(ArrayList.java:1511)
... Removed 25 stack frames]]>
    </failure>
  </testcase> <!-- @AfterClass teardown -->
  <testcase classname="com.orangehrm.testscripts.LoginPageTest2" name="verifyLoginFunctionality_UsernameAndPasswordAsBlank" time="0.007">
    <failure type="java.lang.IllegalArgumentException" message="Input must be set">
      <![CDATA[java.lang.IllegalArgumentException: Input must be set
at org.openqa.selenium.internal.Require.nonNull(Require.java:60)
at org.openqa.selenium.support.ui.FluentWait.<init>(FluentWait.java:94)
at org.openqa.selenium.support.ui.WebDriverWait.<init>(WebDriverWait.java:74)
at org.openqa.selenium.support.ui.WebDriverWait.<init>(WebDriverWait.java:43)
at com.orangehrm.utils.Browser.explicitWait_visibilityOfElement(Browser.java:85)
at com.orangehrm.pages.LoginPage.verifyLogoIsDisplayedOrNot(LoginPage.java:20)
at com.orangehrm.testscripts.LoginPageTest2.verifyLoginFunctionality_UsernameAndPasswordAsBlank(LoginPageTest2.java:47)
at java.base/java.util.ArrayList.forEach(ArrayList.java:1511)
... Removed 27 stack frames]]>
    </failure>
  </testcase> <!-- verifyLoginFunctionality_UsernameAndPasswordAsBlank -->
</testsuite> <!-- ChromeTest -->
